loading data...

reading text from file and processing...

vectorizing...

LDA fitting...

    1 | 03m01s | [35m-3733.47396[0m | [32m   8.7897[0m | 
[31mBayesian Optimization[0m
[94m-----------------------------------------[0m
 Step |   Time |      Value |        x0 | 
LDA fitting...

    2 | 03m52s | [35m-3291.18668[0m | [32m  29.0279[0m | 
LDA fitting...

    3 | 08m29s | [35m-3289.45626[0m | [32m  30.0000[0m | 
LDA fitting...

    4 | 02m34s | -3969.52073 |    5.5891 | 
LDA fitting...

    5 | 03m38s | [35m-3281.49655[0m | [32m  20.0610[0m | 
LDA fitting...

    6 | 09m14s | -3342.32983 |   23.0208 | 
LDA fitting...

    7 | 03m31s | -3454.60580 |   17.2606 | 
LDA fitting...

    8 | 03m35s | -3363.15310 |   20.5533 | 
LDA fitting...

    9 | 00m27s | -6850.76419 |    1.0000 | 
LDA fitting...

   10 | 04m49s | -3342.49045 |   25.8701 | 
LDA fitting...

   11 | 03m35s | -3376.31315 |   19.1903 | 
LDA fitting...

   12 | 03m55s | -3492.96134 |   13.5382 | 
LDA fitting...

   13 | 03m44s | -3333.43115 |   24.0809 | 
LDA fitting...

   14 | 07m10s | -3298.81850 |   27.9018 | 
LDA fitting...

   15 | 02m19s | -4021.21254 |    4.2576 | 
LDA fitting...

   16 | 04m20s | -3417.54173 |   20.9755 | 
LDA fitting...

   17 | 03m05s | -3643.16144 |    8.1256 | 
LDA fitting...

   18 | 02m13s | -3925.23731 |    5.8575 | 
LDA fitting...

   19 | 03m09s | -3685.24116 |   10.4107 | 
LDA fitting...

   20 | 04m22s | -3352.54958 |   19.8881 | 
LDA fitting...

   21 | 03m35s | -3431.42319 |   15.2994 | 
LDA fitting...

   22 | 03m30s | -3362.92618 |   18.4356 | 
LDA fitting...

   23 | 03m33s | -3348.83371 |   20.1876 | 
LDA fitting...

   24 | 03m07s | -3553.97315 |   12.0189 | 
LDA fitting...

   25 | 04m30s | -3435.53570 |   26.9389 | 
LDA fitting...

   26 | 06m21s | -3311.56320 |   24.9787 | 
LDA fitting...

   27 | 03m37s | -3405.19968 |   16.3055 | 
LDA fitting...

   28 | 08m33s | [35m-3276.79363[0m | [32m  28.5079[0m | 
LDA fitting...

   29 | 08m35s | [35m-3215.66300[0m | [32m  29.0494[0m | 
LDA fitting...

   30 | 01m09s | -5109.11177 |    2.8830 | 
LDA fitting...

   31 | 08m35s | -3325.59807 |   29.4371 | 
LDA fitting...

   32 | 02m45s | -3757.36195 |    7.0504 | 
LDA fitting...

   33 | 03m38s | -3358.93502 |   22.0571 | 
LDA fitting...

   34 | 03m18s | -3430.62560 |   14.4528 | 
LDA fitting...

   35 | 03m42s | -3275.01473 |   29.2098 | 
LDA fitting...

   36 | 03m03s | -3586.20421 |    9.5682 | 
LDA fitting...

   37 | 03m05s | -3607.23208 |   11.2022 | 
LDA fitting...

   38 | 03m11s | -3555.82267 |   12.7797 | 
LDA fitting...

   39 | 08m01s | -3328.71805 |   23.5548 | 
LDA fitting...

   40 | 08m27s | -3280.61165 |   28.2702 | 
LDA fitting...

   41 | 03m39s | -3400.75730 |   17.8745 | 
LDA fitting...

   42 | 03m46s | -3273.67723 |   27.5251 | 
LDA fitting...

   43 | 07m48s | -3382.42020 |   26.3795 | 
LDA fitting...

   44 | 03m33s | -3279.37990 |   21.5324 | 
LDA fitting...

   45 | 03m28s | -3271.93027 |   22.5552 | 
LDA fitting...

   46 | 03m43s | -3235.03812 |   29.6471 | 
LDA fitting...

   47 | 03m51s | -3331.36849 |   29.1103 | 
LDA fitting...

   48 | 00m26s | -6850.76419 |    1.9775 | 
LDA fitting...

   49 | 02m16s | -4055.51799 |    4.9548 | 
LDA fitting...

   50 | 02m08s | -4390.15307 |    3.6119 | 
LDA fitting...

    1 | 07m30s | [35m-3394.60670[0m | [32m  19.1512[0m | 
[31mBayesian Optimization[0m
[94m-----------------------------------------[0m
 Step |   Time |      Value |        x0 | 
LDA fitting...

    2 | 00m25s | -6850.76419 |    1.3971 | 
LDA fitting...

    3 | 08m51s | [35m-3359.16399[0m | [32m  30.0000[0m | 
LDA fitting...

    4 | 08m04s | -3379.34100 |   22.5324 | 
LDA fitting...

    5 | 03m44s | [35m-3322.79739[0m | [32m  28.0621[0m | 
LDA fitting...

    6 | 03m56s | -3341.75010 |   27.0151 | 
LDA fitting...

    7 | 02m46s | -3741.36218 |    7.8547 | 
LDA fitting...

    8 | 03m10s | -3473.24483 |   12.4896 | 
LDA fitting...

    9 | 03m34s | -3413.30647 |   19.6347 | 
LDA fitting...

   10 | 02m58s | -3621.92293 |   10.1571 | 
LDA fitting...

   11 | 03m19s | -3403.55740 |   15.8847 | 
LDA fitting...

   12 | 08m03s | [35m-3259.44519[0m | [32m  28.3700[0m | 
LDA fitting...

   13 | 09m27s | -3339.63880 |   25.0655 | 
LDA fitting...

   14 | 04m27s | -3328.00696 |   28.9286 | 
LDA fitting...

   15 | 03m33s | -3543.53566 |   13.5530 | 
LDA fitting...

   16 | 04m19s | -3329.69644 |   28.4818 | 
LDA fitting...

   17 | 02m41s | -4033.12483 |    4.9827 | 
LDA fitting...

   18 | 03m55s | -3443.21694 |   17.5543 | 
LDA fitting...

   19 | 04m02s | -3282.83220 |   21.0961 | 
LDA fitting...

   20 | 04m13s | -3272.00438 |   26.2413 | 
LDA fitting...

   21 | 06m44s | -3306.31205 |   23.8441 | 
LDA fitting...

   22 | 03m10s | -3439.75435 |   14.8215 | 
LDA fitting...

   23 | 03m45s | -3384.30215 |   29.3150 | 
LDA fitting...

   24 | 03m44s | -3275.26911 |   28.2674 | 
LDA fitting...

   25 | 02m09s | -4383.60812 |    3.5123 | 
LDA fitting...

   26 | 02m43s | -3842.60947 |    6.4341 | 
LDA fitting...

   27 | 03m00s | -3666.10215 |   11.4521 | 
LDA fitting...

   28 | 03m39s | -3280.27139 |   25.8876 | 
LDA fitting...

   29 | 03m25s | -3791.03952 |    9.0540 | 
LDA fitting...

   30 | 06m58s | -3392.53729 |   20.5792 | 
LDA fitting...

   31 | 05m44s | -3333.21903 |   21.6079 | 
LDA fitting...

   32 | 03m21s | -3482.83742 |   15.5044 | 
LDA fitting...

   33 | 03m11s | -3355.02721 |   16.5940 | 
LDA fitting...

   34 | 03m36s | -3305.01721 |   28.2267 | 
LDA fitting...

   35 | 07m15s | -3275.84286 |   27.6042 | 
LDA fitting...

   36 | 03m27s | -3445.23349 |   18.3961 | 
LDA fitting...

   37 | 03m42s | -3297.18662 |   27.8052 | 
LDA fitting...

   38 | 05m07s | -3330.01333 |   24.6889 | 
LDA fitting...

   39 | 03m10s | -3471.52180 |   13.8590 | 
LDA fitting...

   40 | 03m35s | -3303.53578 |   23.2661 | 
LDA fitting...

   41 | 03m33s | -3337.06674 |   22.5847 | 
LDA fitting...

   42 | 03m08s | -3559.15643 |   11.0781 | 
LDA fitting...

   43 | 03m43s | -3325.38944 |   27.7132 | 
LDA fitting...

   44 | 03m36s | -3313.24412 |   25.0145 | 
LDA fitting...

   45 | 03m36s | -3290.17057 |   27.3638 | 
LDA fitting...

   46 | 03m38s | -3335.05950 |   25.7575 | 
LDA fitting...

   47 | 08m03s | -3340.89254 |   22.8851 | 
LDA fitting...

   48 | 08m37s | -3276.67391 |   27.5032 | 
LDA fitting...

   49 | 03m48s | -3336.38093 |   26.0628 | 
LDA fitting...

   50 | 03m35s | [35m-3219.83024[0m | [32m  26.4915[0m | 
LDA fitting...

    1 | 03m43s | [35m-3293.34552[0m | [32m  26.9831[0m | 
[31mBayesian Optimization[0m
[94m-----------------------------------------[0m
 Step |   Time |      Value |        x0 | 
LDA fitting...

    2 | 02m29s | -3953.16895 |    5.9576 | 
LDA fitting...

    3 | 04m24s | -3303.47399 |   30.0000 | 
LDA fitting...

    4 | 03m39s | -3333.86452 |   26.4554 | 
LDA fitting...

    5 | 00m25s | -6850.76419 |    1.0000 | 
LDA fitting...

    6 | 04m40s | -3475.65328 |   14.6429 | 
LDA fitting...

    7 | 02m58s | -3690.16275 |    9.7288 | 
LDA fitting...

    8 | 03m29s | -3469.34460 |   19.5602 | 
LDA fitting...

    9 | 03m17s | -3593.37422 |   11.3977 | 
LDA fitting...

   10 | 03m45s | -3327.70718 |   27.8173 | 
LDA fitting...

   11 | 01m08s | -5111.20996 |    2.2411 | 
LDA fitting...

   12 | 07m44s | -3377.69842 |   22.7851 | 
LDA fitting...

   13 | 04m35s | -3337.14133 |   17.0343 | 
LDA fitting...

   14 | 03m16s | -3472.85601 |   16.8558 | 
LDA fitting...

   15 | 03m25s | -3419.67267 |   18.0113 | 
LDA fitting...

   16 | 03m07s | -3585.56847 |   13.3289 | 
LDA fitting...

   17 | 03m27s | -3400.44462 |   21.0366 | 
LDA fitting...

   18 | 03m30s | -3315.34827 |   24.4147 | 
LDA fitting...

   19 | 03m20s | -3442.73966 |   17.4043 | 
LDA fitting...

   20 | 02m55s | -3801.36845 |    8.0368 | 
LDA fitting...

   21 | 02m11s | -4014.70340 |    4.1090 | 
LDA fitting...

   22 | 07m20s | -3379.49332 |   18.6322 | 
LDA fitting...

   23 | 08m17s | -3399.72603 |   25.1845 | 
LDA fitting...

   24 | 07m43s | -3339.56518 |   23.9044 | 
LDA fitting...

   25 | 03m37s | [35m-3247.64483[0m | [32m  27.1008[0m | 
LDA fitting...
/home/qwy/.local/lib/python3.8/site-packages/sklearn/gaussian_process/_gpr.py:504: ConvergenceWarning: lbfgs failed to converge (status=2):
ABNORMAL_TERMINATION_IN_LNSRCH.

Increase the number of iterations (max_iter) or scale the data as shown in:
    https://scikit-learn.org/stable/modules/preprocessing.html
  _check_optimize_result("lbfgs", opt_res)
/home/qwy/.local/lib/python3.8/site-packages/sklearn/gaussian_process/_gpr.py:504: ConvergenceWarning: lbfgs failed to converge (status=2):
ABNORMAL_TERMINATION_IN_LNSRCH.

Increase the number of iterations (max_iter) or scale the data as shown in:
    https://scikit-learn.org/stable/modules/preprocessing.html
  _check_optimize_result("lbfgs", opt_res)
/home/qwy/.local/lib/python3.8/site-packages/sklearn/gaussian_process/_gpr.py:504: ConvergenceWarning: lbfgs failed to converge (status=2):
ABNORMAL_TERMINATION_IN_LNSRCH.

Increase the number of iterations (max_iter) or scale the data as shown in:
    https://scikit-learn.org/stable/modules/preprocessing.html
  _check_optimize_result("lbfgs", opt_res)
/home/qwy/.local/lib/python3.8/site-packages/sklearn/gaussian_process/_gpr.py:504: ConvergenceWarning: lbfgs failed to converge (status=2):
ABNORMAL_TERMINATION_IN_LNSRCH.

Increase the number of iterations (max_iter) or scale the data as shown in:
    https://scikit-learn.org/stable/modules/preprocessing.html
  _check_optimize_result("lbfgs", opt_res)
/home/qwy/.local/lib/python3.8/site-packages/sklearn/gaussian_process/_gpr.py:504: ConvergenceWarning: lbfgs failed to converge (status=2):
ABNORMAL_TERMINATION_IN_LNSRCH.

Increase the number of iterations (max_iter) or scale the data as shown in:
    https://scikit-learn.org/stable/modules/preprocessing.html
  _check_optimize_result("lbfgs", opt_res)
/home/qwy/.local/lib/python3.8/site-packages/sklearn/gaussian_process/_gpr.py:504: ConvergenceWarning: lbfgs failed to converge (status=2):
ABNORMAL_TERMINATION_IN_LNSRCH.

Increase the number of iterations (max_iter) or scale the data as shown in:
    https://scikit-learn.org/stable/modules/preprocessing.html
  _check_optimize_result("lbfgs", opt_res)
/home/qwy/.local/lib/python3.8/site-packages/sklearn/gaussian_process/_gpr.py:504: ConvergenceWarning: lbfgs failed to converge (status=2):
ABNORMAL_TERMINATION_IN_LNSRCH.

Increase the number of iterations (max_iter) or scale the data as shown in:
    https://scikit-learn.org/stable/modules/preprocessing.html
  _check_optimize_result("lbfgs", opt_res)
/home/qwy/.local/lib/python3.8/site-packages/sklearn/gaussian_process/_gpr.py:504: ConvergenceWarning: lbfgs failed to converge (status=2):
ABNORMAL_TERMINATION_IN_LNSRCH.

Increase the number of iterations (max_iter) or scale the data as shown in:
    https://scikit-learn.org/stable/modules/preprocessing.html
  _check_optimize_result("lbfgs", opt_res)
/home/qwy/.local/lib/python3.8/site-packages/sklearn/gaussian_process/_gpr.py:504: ConvergenceWarning: lbfgs failed to converge (status=2):
ABNORMAL_TERMINATION_IN_LNSRCH.

Increase the number of iterations (max_iter) or scale the data as shown in:
    https://scikit-learn.org/stable/modules/preprocessing.html
  _check_optimize_result("lbfgs", opt_res)
/home/qwy/.local/lib/python3.8/site-packages/sklearn/gaussian_process/_gpr.py:504: ConvergenceWarning: lbfgs failed to converge (status=2):
ABNORMAL_TERMINATION_IN_LNSRCH.

Increase the number of iterations (max_iter) or scale the data as shown in:
    https://scikit-learn.org/stable/modules/preprocessing.html
  _check_optimize_result("lbfgs", opt_res)
/home/qwy/.local/lib/python3.8/site-packages/sklearn/gaussian_process/_gpr.py:504: ConvergenceWarning: lbfgs failed to converge (status=2):
ABNORMAL_TERMINATION_IN_LNSRCH.

Increase the number of iterations (max_iter) or scale the data as shown in:
    https://scikit-learn.org/stable/modules/preprocessing.html
  _check_optimize_result("lbfgs", opt_res)
/home/qwy/.local/lib/python3.8/site-packages/sklearn/gaussian_process/_gpr.py:504: ConvergenceWarning: lbfgs failed to converge (status=2):
ABNORMAL_TERMINATION_IN_LNSRCH.

Increase the number of iterations (max_iter) or scale the data as shown in:
    https://scikit-learn.org/stable/modules/preprocessing.html
  _check_optimize_result("lbfgs", opt_res)
/home/qwy/.local/lib/python3.8/site-packages/sklearn/gaussian_process/_gpr.py:504: ConvergenceWarning: lbfgs failed to converge (status=2):
ABNORMAL_TERMINATION_IN_LNSRCH.

Increase the number of iterations (max_iter) or scale the data as shown in:
    https://scikit-learn.org/stable/modules/preprocessing.html
  _check_optimize_result("lbfgs", opt_res)
/home/qwy/.local/lib/python3.8/site-packages/sklearn/gaussian_process/_gpr.py:504: ConvergenceWarning: lbfgs failed to converge (status=2):
ABNORMAL_TERMINATION_IN_LNSRCH.

Increase the number of iterations (max_iter) or scale the data as shown in:
    https://scikit-learn.org/stable/modules/preprocessing.html
  _check_optimize_result("lbfgs", opt_res)
/home/qwy/.local/lib/python3.8/site-packages/sklearn/gaussian_process/_gpr.py:504: ConvergenceWarning: lbfgs failed to converge (status=2):
ABNORMAL_TERMINATION_IN_LNSRCH.

Increase the number of iterations (max_iter) or scale the data as shown in:
    https://scikit-learn.org/stable/modules/preprocessing.html
  _check_optimize_result("lbfgs", opt_res)
/home/qwy/.local/lib/python3.8/site-packages/sklearn/gaussian_process/_gpr.py:504: ConvergenceWarning: lbfgs failed to converge (status=2):
ABNORMAL_TERMINATION_IN_LNSRCH.

Increase the number of iterations (max_iter) or scale the data as shown in:
    https://scikit-learn.org/stable/modules/preprocessing.html
  _check_optimize_result("lbfgs", opt_res)
/home/qwy/.local/lib/python3.8/site-packages/sklearn/gaussian_process/_gpr.py:504: ConvergenceWarning: lbfgs failed to converge (status=2):
ABNORMAL_TERMINATION_IN_LNSRCH.

Increase the number of iterations (max_iter) or scale the data as shown in:
    https://scikit-learn.org/stable/modules/preprocessing.html
  _check_optimize_result("lbfgs", opt_res)
/home/qwy/.local/lib/python3.8/site-packages/sklearn/gaussian_process/_gpr.py:504: ConvergenceWarning: lbfgs failed to converge (status=2):
ABNORMAL_TERMINATION_IN_LNSRCH.

Increase the number of iterations (max_iter) or scale the data as shown in:
    https://scikit-learn.org/stable/modules/preprocessing.html
  _check_optimize_result("lbfgs", opt_res)
/home/qwy/.local/lib/python3.8/site-packages/sklearn/gaussian_process/_gpr.py:504: ConvergenceWarning: lbfgs failed to converge (status=2):
ABNORMAL_TERMINATION_IN_LNSRCH.

Increase the number of iterations (max_iter) or scale the data as shown in:
    https://scikit-learn.org/stable/modules/preprocessing.html
  _check_optimize_result("lbfgs", opt_res)
/home/qwy/.local/lib/python3.8/site-packages/sklearn/gaussian_process/_gpr.py:504: ConvergenceWarning: lbfgs failed to converge (status=2):
ABNORMAL_TERMINATION_IN_LNSRCH.

Increase the number of iterations (max_iter) or scale the data as shown in:
    https://scikit-learn.org/stable/modules/preprocessing.html
  _check_optimize_result("lbfgs", opt_res)
/home/qwy/.local/lib/python3.8/site-packages/sklearn/gaussian_process/_gpr.py:504: ConvergenceWarning: lbfgs failed to converge (status=2):
ABNORMAL_TERMINATION_IN_LNSRCH.

Increase the number of iterations (max_iter) or scale the data as shown in:
    https://scikit-learn.org/stable/modules/preprocessing.html
  _check_optimize_result("lbfgs", opt_res)
/home/qwy/.local/lib/python3.8/site-packages/sklearn/gaussian_process/_gpr.py:504: ConvergenceWarning: lbfgs failed to converge (status=2):
ABNORMAL_TERMINATION_IN_LNSRCH.

Increase the number of iterations (max_iter) or scale the data as shown in:
    https://scikit-learn.org/stable/modules/preprocessing.html
  _check_optimize_result("lbfgs", opt_res)
/home/qwy/.local/lib/python3.8/site-packages/sklearn/gaussian_process/_gpr.py:504: ConvergenceWarning: lbfgs failed to converge (status=2):
ABNORMAL_TERMINATION_IN_LNSRCH.

Increase the number of iterations (max_iter) or scale the data as shown in:
    https://scikit-learn.org/stable/modules/preprocessing.html
  _check_optimize_result("lbfgs", opt_res)
/home/qwy/.local/lib/python3.8/site-packages/sklearn/gaussian_process/_gpr.py:504: ConvergenceWarning: lbfgs failed to converge (status=2):
ABNORMAL_TERMINATION_IN_LNSRCH.

Increase the number of iterations (max_iter) or scale the data as shown in:
    https://scikit-learn.org/stable/modules/preprocessing.html
  _check_optimize_result("lbfgs", opt_res)
